<?xml version="1.0" encoding="UTF-8"?>
<!-- Generated by org.testng.reporters.JUnitXMLReporter -->
<testsuite ignored="0" hostname="DESKTOP-GFTGINV" failures="0" tests="4" name="Default test" time="0.282" errors="0" timestamp="2023-04-25T12:19:10 IST">
  <testcase classname="testNG.Depends_on" name="Blogin" time="0.075"/>
  <testcase classname="testNG.Depends_on" name="Center" time="0.008"/>
  <testcase classname="testNG.Depends_on" name="Aopen" time="0.008"/>
  <testcase classname="testNG.Depends_on" name="Dexit" time="0.015"/>
</testsuite> <!-- Default test -->
