<?xml version="1.0" encoding="UTF-8"?>
<!-- Generated by org.testng.reporters.JUnitXMLReporter -->
<testsuite ignored="0" hostname="DESKTOP-GFTGINV" failures="0" tests="3" name="Test" time="0.081" errors="0" timestamp="2023-02-15T11:25:31 IST">
  <testcase classname="testNG.TestngParameters" name="abc" time="0.012"/>
  <testcase classname="testNG.TestngParameters" name="facebookMethod" time="0.007"/>
  <testcase classname="testNG.TestngParameters" name="hello" time="0.004"/>
</testsuite> <!-- Test -->
