<?xml version="1.0" encoding="UTF-8"?>
<testng-results ignored="0" total="4" passed="4" failed="0" skipped="0">
  <reporter-output>
  </reporter-output>
  <suite started-at="2023-04-25T12:19:09 IST" name="Default suite" finished-at="2023-04-25T12:19:09 IST" duration-ms="282">
    <groups>
    </groups>
    <test started-at="2023-04-25T12:19:09 IST" name="Default test" finished-at="2023-04-25T12:19:09 IST" duration-ms="282">
      <class name="testNG.Depends_on">
        <test-method signature="Blogin()[pri:0, instance:testNG.Depends_on@708f5957]" started-at="2023-04-25T12:19:09 IST" name="Blogin" finished-at="2023-04-25T12:19:09 IST" duration-ms="75" status="PASS">
          <reporter-output>
          </reporter-output>
        </test-method> <!-- Blogin -->
        <test-method signature="Center()[pri:0, instance:testNG.Depends_on@708f5957]" started-at="2023-04-25T12:19:09 IST" name="Center" finished-at="2023-04-25T12:19:09 IST" duration-ms="8" status="PASS">
          <reporter-output>
          </reporter-output>
        </test-method> <!-- Center -->
        <test-method signature="Aopen()[pri:0, instance:testNG.Depends_on@708f5957]" started-at="2023-04-25T12:19:09 IST" name="Aopen" finished-at="2023-04-25T12:19:09 IST" depends-on-methods="testNG.Depends_on.Blogin" duration-ms="8" status="PASS">
          <reporter-output>
          </reporter-output>
        </test-method> <!-- Aopen -->
        <test-method signature="Dexit()[pri:0, instance:testNG.Depends_on@708f5957]" started-at="2023-04-25T12:19:09 IST" name="Dexit" finished-at="2023-04-25T12:19:09 IST" depends-on-methods="testNG.Depends_on.Aopen" duration-ms="15" status="PASS">
          <reporter-output>
          </reporter-output>
        </test-method> <!-- Dexit -->
      </class> <!-- testNG.Depends_on -->
    </test> <!-- Default test -->
  </suite> <!-- Default suite -->
</testng-results>
